GNU ld (2.43.1-5+7) 2.43.1
  Supported emulations:
   elf64lriscv
   elf32lriscv
   elf64briscv
   elf32briscv
using external linker script: linker.ld
==================================================
ENTRY(_start)
MEMORY
{
  TEXT (rx) : ORIGIN = 0x10000, LENGTH = 0xa710
  DATA (rw) : ORIGIN = 0x1a710, LENGTH = 0x20000  /* Up to 0x3a710 */
}
SECTIONS
{
  .text :
  {
    KEEP(runtime.o(.text))
    *(.text)
    *(.text.*)
  } > TEXT
  .rodata :
  {
    *(.rodata)
    *(.rodata.*)
  } > TEXT
  .data :
  {
    *(.data)
    *(.data.*)
  } > DATA
  .bss :
  {
    *(.bss)
    *(.bss.*)
  } > DATA
  .tohost :
  {
    *(.tohost)
    tohost = .;
    . += 8;
    fromhost = .;
    . += 8;
  } > DATA
}
==================================================
riscv64-unknown-elf-ld: mode elf64lriscv
attempt to open runtime.o succeeded
runtime.o
attempt to open output.o succeeded
output.o
